<?xml version="1.0" encoding="UTF-8"?>
<!-- Generated by org.testng.reporters.JUnitReportReporter -->
<testsuite hostname="LAPTOP-8VN8D2U4" failures="0" tests="1" name="calls.HTTP_post" time="2.164" errors="0" timestamp="2022-07-31T17:02:51 EDT" skipped="0">
  <testcase classname="calls.HTTP_post" name="post_request" time="2.164"/>
  <system-out/>
</testsuite> <!-- calls.HTTP_post -->
