<?xml version="1.0" encoding="UTF-8"?>
<!-- Generated by org.testng.reporters.JUnitReportReporter -->
<testsuite hostname="LAPTOP-8VN8D2U4" failures="0" tests="1" name="calls.Basicauth" time="2.106" errors="0" timestamp="2022-04-24T14:45:52 EDT" skipped="0">
  <testcase classname="calls.Basicauth" name="demo" time="2.106"/>
  <system-out/>
</testsuite> <!-- calls.Basicauth -->
