<?xml version="1.0" encoding="UTF-8"?>
<!-- Generated by org.testng.reporters.JUnitReportReporter -->
<testsuite hostname="LAPTOP-8VN8D2U4" failures="0" tests="1" name="calls.BearerToken" time="2.295" errors="0" timestamp="2022-08-23T19:25:51 EDT" skipped="0">
  <testcase classname="calls.BearerToken" name="bearerTokenAuthenticationTest" time="2.295"/>
  <system-out/>
</testsuite> <!-- calls.BearerToken -->
